#
# There is insufficient memory for the Java Runtime Environment to continue.
# Native memory allocation (malloc) failed to allocate 1237616 bytes for Chunk::new
# Possible reasons:
#   The system is out of physical RAM or swap space
#   The process is running with CompressedOops enabled, and the Java Heap may be blocking the growth of the native heap
# Possible solutions:
#   Reduce memory load on the system
#   Increase physical memory or swap space
#   Check if swap backing store is full
#   Decrease Java heap size (-Xmx/-Xms)
#   Decrease number of Java threads
#   Decrease Java thread stack sizes (-Xss)
#   Set larger code cache with -XX:ReservedCodeCacheSize=
#   JVM is running with Unscaled Compressed Oops mode in which the Java heap is
#     placed in the first 4GB address space. The Java Heap base address is the
#     maximum limit for the native heap growth. Please use -XX:HeapBaseMinAddress
#     to set the Java Heap base and to place the Java Heap above 4GB virtual address.
# This output file may be truncated or incomplete.
#
#  Out of Memory Error (allocation.cpp:389), pid=12232, tid=0x0000000000001528
#
# JRE version: OpenJDK Runtime Environment (8.0_242-b01) (build 1.8.0_242-release-1644-b01)
# Java VM: OpenJDK 64-Bit Server VM (25.242-b01 mixed mode windows-amd64 compressed oops)
# Failed to write core dump. Minidumps are not enabled by default on client versions of Windows
#

---------------  T H R E A D  ---------------

Current thread (0x000000001732a000):  JavaThread "C2 CompilerThread1" daemon [_thread_in_native, id=5416, stack(0x0000000018a80000,0x0000000018b80000)]

Stack: [0x0000000018a80000,0x0000000018b80000]
[error occurred during error reporting (printing stack bounds), id 0xc0000005]

Native frames: (J=compiled Java code, j=interpreted, Vv=VM code, C=native code)


Current CompileTask:
C2:3494358 19762   !   4       java.io.ObjectInputStream::readObject0 (671 bytes)


---------------  P R O C E S S  ---------------

Java Threads: ( => current thread )
  0x000000001ba9e000 JavaThread "pool-15-thread-1" [_thread_in_vm, id=10084, stack(0x000000001f4b0000,0x000000001f5b0000)]
  0x000000001ba9b800 JavaThread "ForkJoinPool.commonPool-worker-3" daemon [_thread_blocked, id=14792, stack(0x0000000027970000,0x0000000027a70000)]
  0x000000001b096000 JavaThread "WorkerExecutor Queue Thread 4" [_thread_blocked, id=13796, stack(0x00000000275f0000,0x00000000276f0000)]
  0x000000001b098800 JavaThread "WorkerExecutor Queue Thread 3" [_thread_blocked, id=13704, stack(0x00000000274f0000,0x00000000275f0000)]
  0x000000001b099000 JavaThread "WorkerExecutor Queue Thread 2" [_thread_blocked, id=2192, stack(0x00000000273f0000,0x00000000274f0000)]
  0x000000001b095800 JavaThread "WorkerExecutor Queue" [_thread_blocked, id=8908, stack(0x00000000272f0000,0x00000000273f0000)]
  0x000000001b14b000 JavaThread "Build operations Thread 4" [_thread_blocked, id=6988, stack(0x0000000022ed0000,0x0000000022fd0000)]
  0x000000001b148800 JavaThread "Build operations Thread 3" [_thread_blocked, id=2960, stack(0x0000000022450000,0x0000000022550000)]
  0x000000001b148000 JavaThread "Build operations Thread 2" [_thread_blocked, id=7448, stack(0x0000000022350000,0x0000000022450000)]
  0x000000001b146800 JavaThread "Build operations" [_thread_blocked, id=12796, stack(0x000000001fb00000,0x000000001fc00000)]
  0x000000001b14a000 JavaThread "Cache worker for file hash cache (C:\java\SurfView\.gradle\6.1.1\fileHashes)" [_thread_blocked, id=11304, stack(0x000000001f3b0000,0x000000001f4b0000)]
  0x000000001b13d800 JavaThread "Cache worker for checksums cache (C:\java\SurfView\.gradle\checksums)" [_thread_blocked, id=5640, stack(0x000000001cc10000,0x000000001cd10000)]
  0x000000001b144000 JavaThread "Thread-188" [_thread_blocked, id=5228, stack(0x000000001c910000,0x000000001ca10000)]
  0x000000001b143800 JavaThread "Stdin handler" [_thread_blocked, id=3228, stack(0x000000001c810000,0x000000001c910000)]
  0x000000001b142000 JavaThread "Asynchronous log dispatcher for DefaultDaemonConnection: socket connection from /127.0.0.1:2375 to /127.0.0.1:2713" [_thread_blocked, id=12680, stack(0x000000001c510000,0x000000001c610000)]
  0x000000001b141000 JavaThread "Daemon worker Thread 8" [_thread_in_native, id=4044, stack(0x000000001c410000,0x000000001c510000)]
  0x000000001b13e000 JavaThread "Cancel handler" [_thread_blocked, id=2268, stack(0x0000000000b50000,0x0000000000c50000)]
  0x000000001b142800 JavaThread "Handler for socket connection from /127.0.0.1:2375 to /127.0.0.1:2713" [_thread_in_native, id=3264, stack(0x0000000000a50000,0x0000000000b50000)]
  0x000000001b13f800 JavaThread "Daemon Thread 8" [_thread_blocked, id=3976, stack(0x0000000000950000,0x0000000000a50000)]
  0x000000001b09a000 JavaThread "Cache worker for Java compile cache (C:\Users\Public\.gradle\caches\6.1.1\javaCompile)" [_thread_blocked, id=8936, stack(0x0000000024c20000,0x0000000024d20000)]
  0x000000001b097800 JavaThread "Cache worker for file content cache (C:\Users\Public\.gradle\caches\6.1.1\fileContent)" [_thread_blocked, id=14352, stack(0x0000000023010000,0x0000000023110000)]
  0x000000001b08a800 JavaThread "Memory manager" [_thread_blocked, id=14860, stack(0x0000000022dd0000,0x0000000022ed0000)]
  0x000000001b0b3800 JavaThread "Cache worker for execution history cache (C:\Users\Public\.gradle\caches\6.1.1\executionHistory)" [_thread_blocked, id=2484, stack(0x000000001fc00000,0x000000001fd00000)]
  0x000000001b0b5800 JavaThread "Cache worker for file hash cache (C:\Users\Public\.gradle\caches\6.1.1\fileHashes)" [_thread_blocked, id=14808, stack(0x000000001d110000,0x000000001d210000)]
  0x000000001b0b5000 JavaThread "File lock request listener" [_thread_in_native, id=11008, stack(0x000000001d010000,0x000000001d110000)]
  0x000000001a900800 JavaThread "Cache worker for journal cache (C:\Users\Public\.gradle\caches\journal-1)" [_thread_blocked, id=15312, stack(0x000000001cf10000,0x000000001d010000)]
  0x000000001aeed800 JavaThread "Daemon periodic checks" [_thread_blocked, id=236, stack(0x000000001c310000,0x000000001c410000)]
  0x000000001ae9a000 JavaThread "Incoming local TCP Connector on port 2375" [_thread_in_native, id=14448, stack(0x0000000019380000,0x0000000019480000)]
  0x000000001ae45000 JavaThread "Daemon health stats" [_thread_blocked, id=13236, stack(0x0000000019280000,0x0000000019380000)]
  0x0000000018cb8800 JavaThread "Service Thread" daemon [_thread_blocked, id=12752, stack(0x0000000019080000,0x0000000019180000)]
  0x000000001732f800 JavaThread "C1 CompilerThread2" daemon [_thread_in_vm, id=7376, stack(0x0000000018b80000,0x0000000018c80000)]
=>0x000000001732a000 JavaThread "C2 CompilerThread1" daemon [_thread_in_native, id=5416, stack(0x0000000018a80000,0x0000000018b80000)]
  0x0000000017322000 JavaThread "C2 CompilerThread0" daemon [_thread_in_native, id=14172, stack(0x0000000018980000,0x0000000018a80000)]
  0x0000000017321000 JavaThread "Attach Listener" daemon [_thread_blocked, id=5048, stack(0x0000000018880000,0x0000000018980000)]
  0x0000000017327800 JavaThread "Signal Dispatcher" daemon [_thread_blocked, id=2584, stack(0x0000000018780000,0x0000000018880000)]
  0x000000000263c000 JavaThread "Finalizer" daemon [_thread_blocked, id=8188, stack(0x0000000018570000,0x0000000018670000)]
  0x0000000017309000 JavaThread "Reference Handler" daemon [_thread_blocked, id=11376, stack(0x0000000018470000,0x0000000018570000)]
  0x00000000003fd800 JavaThread "main" [_thread_blocked, id=10208, stack(0x0000000000c70000,0x0000000000d70000)]

Other Threads:
  0x00000000172e6000 VMThread [stack: 0x0000000018370000,0x0000000018470000] [id=2756]
  0x0000000017344000 WatcherThread [stack: 0x0000000019180000,0x0000000019280000] [id=11864]

VM state:not at safepoint (normal execution)

VM Mutex/Monitor currently owned by a thread:  ([mutex/lock_event])
[0x0000000002540bd0] CompiledIC_lock - owner thread: 0x000000001732f800

heap address: 0x0000000080000000, size: 2048 MB, Compressed Oops mode: 32-bit
Narrow klass base: 0x0000000000000000, Narrow klass shift: 3
Compressed class space size: 1073741824 Address: 0x0000000100000000

Heap:
 PSYoungGen      total 346112K, used 160178K [0x00000000d5580000, 0x00000000ee280000, 0x0000000100000000)
  eden space 312832K, 42% used [0x00000000d5580000,0x00000000dd820120,0x00000000e8700000)
  from space 33280K, 79% used [0x00000000eaa00000,0x00000000ec3cc760,0x00000000eca80000)
  to   space 35840K, 0% used [0x00000000e8700000,0x00000000e8700000,0x00000000eaa00000)
 ParOldGen       total 147968K, used 53206K [0x0000000080000000, 0x0000000089080000, 0x00000000d5580000)
  object space 147968K, 35% used [0x0000000080000000,0x00000000833f5ab8,0x0000000089080000)
 Metaspace       used 101478K, capacity 107274K, committed 107304K, reserved 1142784K
  class space    used 13294K, capacity 14374K, committed 14376K, reserved 1048576K

Card table byte_map: [0x0000000011ac0000,0x0000000011ed0000] byte_map_base: 0x00000000116c0000

Marking Bits: (ParMarkBitMap*) 0x0000000073f8f030
 Begin Bits: [0x0000000012580000, 0x0000000014580000)
 End Bits:   [0x0000000014580000, 0x0000000016580000)

Polling page: 0x0000000000d70000

CodeCache: size=245760Kb used=53092Kb max_used=53109Kb free=192667Kb
 bounds [0x0000000002700000, 0x0000000005b30000, 0x0000000011700000]
 total_blobs=16943 nmethods=16049 adapters=804
 compilation: enabled

Compilation events (10 events):
Event: 3494.341 Thread 0x000000001732f800 19818       3       org.gradle.invocation.DefaultGradle_Decorated::getRootProject (39 bytes)
Event: 3494.342 Thread 0x000000001732f800 nmethod 19818 0x000000000401c650 code [0x000000000401c840, 0x000000000401cfc8]
Event: 3494.344 Thread 0x000000001732f800 19819       3       com.google.gson.stream.JsonWriter::open (19 bytes)
Event: 3494.344 Thread 0x000000001732f800 nmethod 19819 0x000000000401c110 code [0x000000000401c2a0, 0x000000000401c548]
Event: 3494.344 Thread 0x000000001732f800 19820       3       com.google.gson.stream.JsonWriter::close (95 bytes)
Event: 3494.345 Thread 0x000000001732f800 nmethod 19820 0x000000000401ab50 code [0x000000000401ada0, 0x000000000401ba18]
Event: 3494.351 Thread 0x000000001732f800 19822       1       org.gradle.internal.concurrent.DefaultExecutorFactory::access$000 (5 bytes)
Event: 3494.352 Thread 0x000000001732f800 nmethod 19822 0x000000000401a890 code [0x000000000401a9e0, 0x000000000401aad0]
Event: 3494.353 Thread 0x0000000017322000 nmethod 19791 0x0000000005b24150 code [0x0000000005b24420, 0x0000000005b25258]
Event: 3494.355 Thread 0x0000000017322000 19802       4       org.gradle.tooling.internal.provider.runner.SubtreeFilteringBuildOperationListener::finished (72 bytes)

GC Heap History (10 events):
Event: 1072.887 GC heap before
{Heap before GC invocations=18 (full 3):
 PSYoungGen      total 384512K, used 383080K [0x00000000d5580000, 0x00000000ef200000, 0x0000000100000000)
  eden space 359424K, 100% used [0x00000000d5580000,0x00000000eb480000,0x00000000eb480000)
  from space 25088K, 94% used [0x00000000ed000000,0x00000000ee71a0c8,0x00000000ee880000)
  to   space 28160K, 0% used [0x00000000eb480000,0x00000000eb480000,0x00000000ed000000)
 ParOldGen       total 96768K, used 53693K [0x0000000080000000, 0x0000000085e80000, 0x00000000d5580000)
  object space 96768K, 55% used [0x0000000080000000,0x000000008346f7e0,0x0000000085e80000)
 Metaspace       used 87941K, capacity 92554K, committed 92848K, reserved 1130496K
  class space    used 11736K, capacity 12636K, committed 12720K, reserved 1048576K
Event: 1072.924 GC heap after
Heap after GC invocations=18 (full 3):
 PSYoungGen      total 359424K, used 14857K [0x00000000d5580000, 0x00000000edb80000, 0x0000000100000000)
  eden space 344064K, 0% used [0x00000000d5580000,0x00000000d5580000,0x00000000ea580000)
  from space 15360K, 96% used [0x00000000eb480000,0x00000000ec302448,0x00000000ec380000)
  to   space 24576K, 0% used [0x00000000ec380000,0x00000000ec380000,0x00000000edb80000)
 ParOldGen       total 96768K, used 53701K [0x0000000080000000, 0x0000000085e80000, 0x00000000d5580000)
  object space 96768K, 55% used [0x0000000080000000,0x00000000834717e0,0x0000000085e80000)
 Metaspace       used 87941K, capacity 92554K, committed 92848K, reserved 1130496K
  class space    used 11736K, capacity 12636K, committed 12720K, reserved 1048576K
}
Event: 1407.021 GC heap before
{Heap before GC invocations=19 (full 3):
 PSYoungGen      total 359424K, used 358921K [0x00000000d5580000, 0x00000000edb80000, 0x0000000100000000)
  eden space 344064K, 100% used [0x00000000d5580000,0x00000000ea580000,0x00000000ea580000)
  from space 15360K, 96% used [0x00000000eb480000,0x00000000ec302448,0x00000000ec380000)
  to   space 24576K, 0% used [0x00000000ec380000,0x00000000ec380000,0x00000000edb80000)
 ParOldGen       total 96768K, used 53701K [0x0000000080000000, 0x0000000085e80000, 0x00000000d5580000)
  object space 96768K, 55% used [0x0000000080000000,0x00000000834717e0,0x0000000085e80000)
 Metaspace       used 88688K, capacity 93520K, committed 93616K, reserved 1130496K
  class space    used 11763K, capacity 12683K, committed 12720K, reserved 1048576K
Event: 1407.063 GC heap after
Heap after GC invocations=19 (full 3):
 PSYoungGen      total 353792K, used 24548K [0x00000000d5580000, 0x00000000edb80000, 0x0000000100000000)
  eden space 329216K, 0% used [0x00000000d5580000,0x00000000d5580000,0x00000000e9700000)
  from space 24576K, 99% used [0x00000000ec380000,0x00000000edb791a8,0x00000000edb80000)
  to   space 34816K, 0% used [0x00000000e9780000,0x00000000e9780000,0x00000000eb980000)
 ParOldGen       total 96768K, used 65156K [0x0000000080000000, 0x0000000085e80000, 0x00000000d5580000)
  object space 96768K, 67% used [0x0000000080000000,0x0000000083fa1088,0x0000000085e80000)
 Metaspace       used 88688K, capacity 93520K, committed 93616K, reserved 1130496K
  class space    used 11763K, capacity 12683K, committed 12720K, reserved 1048576K
}
Event: 1622.757 GC heap before
{Heap before GC invocations=20 (full 3):
 PSYoungGen      total 353792K, used 203414K [0x00000000d5580000, 0x00000000edb80000, 0x0000000100000000)
  eden space 329216K, 54% used [0x00000000d5580000,0x00000000e042c8f8,0x00000000e9700000)
  from space 24576K, 99% used [0x00000000ec380000,0x00000000edb791a8,0x00000000edb80000)
  to   space 34816K, 0% used [0x00000000e9780000,0x00000000e9780000,0x00000000eb980000)
 ParOldGen       total 96768K, used 65156K [0x0000000080000000, 0x0000000085e80000, 0x00000000d5580000)
  object space 96768K, 67% used [0x0000000080000000,0x0000000083fa1088,0x0000000085e80000)
 Metaspace       used 93177K, capacity 98506K, committed 98600K, reserved 1134592K
  class space    used 12265K, capacity 13259K, committed 13352K, reserved 1048576K
Event: 1622.809 GC heap after
Heap after GC invocations=20 (full 3):
 PSYoungGen      total 329728K, used 13844K [0x00000000d5580000, 0x00000000eca80000, 0x0000000100000000)
  eden space 315392K, 0% used [0x00000000d5580000,0x00000000d5580000,0x00000000e8980000)
  from space 14336K, 96% used [0x00000000e9780000,0x00000000ea5052a8,0x00000000ea580000)
  to   space 33280K, 0% used [0x00000000eaa00000,0x00000000eaa00000,0x00000000eca80000)
 ParOldGen       total 96768K, used 70768K [0x0000000080000000, 0x0000000085e80000, 0x00000000d5580000)
  object space 96768K, 73% used [0x0000000080000000,0x000000008451c118,0x0000000085e80000)
 Metaspace       used 93177K, capacity 98506K, committed 98600K, reserved 1134592K
  class space    used 12265K, capacity 13259K, committed 13352K, reserved 1048576K
}
Event: 1622.809 GC heap before
{Heap before GC invocations=21 (full 4):
 PSYoungGen      total 329728K, used 13844K [0x00000000d5580000, 0x00000000eca80000, 0x0000000100000000)
  eden space 315392K, 0% used [0x00000000d5580000,0x00000000d5580000,0x00000000e8980000)
  from space 14336K, 96% used [0x00000000e9780000,0x00000000ea5052a8,0x00000000ea580000)
  to   space 33280K, 0% used [0x00000000eaa00000,0x00000000eaa00000,0x00000000eca80000)
 ParOldGen       total 96768K, used 70768K [0x0000000080000000, 0x0000000085e80000, 0x00000000d5580000)
  object space 96768K, 73% used [0x0000000080000000,0x000000008451c118,0x0000000085e80000)
 Metaspace       used 93177K, capacity 98506K, committed 98600K, reserved 1134592K
  class space    used 12265K, capacity 13259K, committed 13352K, reserved 1048576K
Event: 1623.027 GC heap after
Heap after GC invocations=21 (full 4):
 PSYoungGen      total 329728K, used 0K [0x00000000d5580000, 0x00000000eca80000, 0x0000000100000000)
  eden space 315392K, 0% used [0x00000000d5580000,0x00000000d5580000,0x00000000e8980000)
  from space 14336K, 0% used [0x00000000e9780000,0x00000000e9780000,0x00000000ea580000)
  to   space 33280K, 0% used [0x00000000eaa00000,0x00000000eaa00000,0x00000000eca80000)
 ParOldGen       total 147968K, used 53198K [0x0000000080000000, 0x0000000089080000, 0x00000000d5580000)
  object space 147968K, 35% used [0x0000000080000000,0x00000000833f3ab8,0x0000000089080000)
 Metaspace       used 92999K, capacity 98028K, committed 98600K, reserved 1134592K
  class space    used 12211K, capacity 13170K, committed 13352K, reserved 1048576K
}
Event: 3493.128 GC heap before
{Heap before GC invocations=22 (full 4):
 PSYoungGen      total 329728K, used 315392K [0x00000000d5580000, 0x00000000eca80000, 0x0000000100000000)
  eden space 315392K, 100% used [0x00000000d5580000,0x00000000e8980000,0x00000000e8980000)
  from space 14336K, 0% used [0x00000000e9780000,0x00000000e9780000,0x00000000ea580000)
  to   space 33280K, 0% used [0x00000000eaa00000,0x00000000eaa00000,0x00000000eca80000)
 ParOldGen       total 147968K, used 53198K [0x0000000080000000, 0x0000000089080000, 0x00000000d5580000)
  object space 147968K, 35% used [0x0000000080000000,0x00000000833f3ab8,0x0000000089080000)
 Metaspace       used 101286K, capacity 106976K, committed 107048K, reserved 1142784K
  class space    used 13272K, capacity 14335K, committed 14376K, reserved 1048576K
Event: 3493.272 GC heap after
Heap after GC invocations=22 (full 4):
 PSYoungGen      total 346112K, used 26417K [0x00000000d5580000, 0x00000000ee280000, 0x0000000100000000)
  eden space 312832K, 0% used [0x00000000d5580000,0x00000000d5580000,0x00000000e8700000)
  from space 33280K, 79% used [0x00000000eaa00000,0x00000000ec3cc760,0x00000000eca80000)
  to   space 35840K, 0% used [0x00000000e8700000,0x00000000e8700000,0x00000000eaa00000)
 ParOldGen       total 147968K, used 53206K [0x0000000080000000, 0x0000000089080000, 0x00000000d5580000)
  object space 147968K, 35% used [0x0000000080000000,0x00000000833f5ab8,0x0000000089080000)
 Metaspace       used 101286K, capacity 106976K, committed 107048K, reserved 1142784K
  class space    used 13272K, capacity 14335K, committed 14376K, reserved 1048576K
}

Deoptimization events (10 events):
Event: 1627.662 Thread 0x000000001ba9e000 Uncommon trap: reason=unstable_if action=reinterpret pc=0x0000000003b82140 method=java.io.ObjectOutputStream$BlockDataOutputStream.write([BIIZ)V @ 2
Event: 3492.122 Thread 0x000000001b141000 Uncommon trap: reason=null_check action=make_not_entrant pc=0x00000000059f2a60 method=org.gradle.api.internal.collections.CollectionFilter.filter(Ljava/lang/Object;)Ljava/lang/Object; @ 5
Event: 3492.876 Thread 0x000000001b090000 Uncommon trap: reason=array_check action=maybe_recompile pc=0x000000000561cfd4 method=java.util.ComparableTimSort.mergeHi(IIII)V @ 415
Event: 3492.877 Thread 0x000000001b090000 Uncommon trap: reason=array_check action=maybe_recompile pc=0x000000000561d1f0 method=java.util.ComparableTimSort.mergeHi(IIII)V @ 654
Event: 3492.878 Thread 0x000000001b090000 Uncommon trap: reason=array_check action=maybe_recompile pc=0x000000000561d1f0 method=java.util.ComparableTimSort.mergeHi(IIII)V @ 654
Event: 3492.974 Thread 0x000000001b090000 Uncommon trap: reason=class_check action=maybe_recompile pc=0x00000000047a8b48 method=com.sun.tools.javac.code.Types.capture(Lcom/sun/tools/javac/code/Type;)Lcom/sun/tools/javac/code/Type; @ 13
Event: 3492.975 Thread 0x000000001b090000 Uncommon trap: reason=class_check action=maybe_recompile pc=0x00000000047a8b48 method=com.sun.tools.javac.code.Types.capture(Lcom/sun/tools/javac/code/Type;)Lcom/sun/tools/javac/code/Type; @ 13
Event: 3492.975 Thread 0x000000001b090000 Uncommon trap: reason=class_check action=maybe_recompile pc=0x00000000047a8b48 method=com.sun.tools.javac.code.Types.capture(Lcom/sun/tools/javac/code/Type;)Lcom/sun/tools/javac/code/Type; @ 13
Event: 3492.975 Thread 0x000000001b090000 Uncommon trap: reason=class_check action=maybe_recompile pc=0x00000000047a8b48 method=com.sun.tools.javac.code.Types.capture(Lcom/sun/tools/javac/code/Type;)Lcom/sun/tools/javac/code/Type; @ 13
Event: 3493.554 Thread 0x000000001b097000 Uncommon trap: reason=unstable_if action=reinterpret pc=0x0000000005407328 method=java.util.concurrent.ForkJoinPool.signalWork([Ljava/util/concurrent/ForkJoinPool$WorkQueue;Ljava/util/concurrent/ForkJoinPool$WorkQueue;)V @ 8

Classes redefined (0 events):
No events

Internal exceptions (10 events):
Event: 3492.741 Thread 0x000000001b090000 Exception <a 'sun/nio/fs/WindowsException'> (0x00000000e75aa150) thrown at [C:\src\AOSP-openjdk-git\hotspot\src\share\vm\prims\jni.cpp, line 710]
Event: 3492.741 Thread 0x000000001b090000 Exception <a 'sun/nio/fs/WindowsException'> (0x00000000e75abec0) thrown at [C:\src\AOSP-openjdk-git\hotspot\src\share\vm\prims\jni.cpp, line 710]
Event: 3492.741 Thread 0x000000001b090000 Exception <a 'sun/nio/fs/WindowsException'> (0x00000000e75acb30) thrown at [C:\src\AOSP-openjdk-git\hotspot\src\share\vm\prims\jni.cpp, line 710]
Event: 3492.741 Thread 0x000000001b090000 Exception <a 'sun/nio/fs/WindowsException'> (0x00000000e75ad828) thrown at [C:\src\AOSP-openjdk-git\hotspot\src\share\vm\prims\jni.cpp, line 710]
Event: 3493.337 Thread 0x000000001b095800 Exception <a 'sun/nio/fs/WindowsException'> (0x00000000d59dbea0) thrown at [C:\src\AOSP-openjdk-git\hotspot\src\share\vm\prims\jni.cpp, line 710]
Event: 3493.389 Thread 0x000000001b095800 Exception <a 'sun/nio/fs/WindowsException'> (0x00000000d5c68288) thrown at [C:\src\AOSP-openjdk-git\hotspot\src\share\vm\prims\jni.cpp, line 710]
Event: 3493.391 Thread 0x000000001b095800 Exception <a 'sun/nio/fs/WindowsException'> (0x00000000d5c717d8) thrown at [C:\src\AOSP-openjdk-git\hotspot\src\share\vm\prims\jni.cpp, line 710]
Event: 3493.495 Thread 0x000000001b099000 Exception <a 'sun/nio/fs/WindowsException'> (0x00000000d6692818) thrown at [C:\src\AOSP-openjdk-git\hotspot\src\share\vm\prims\jni.cpp, line 710]
Event: 3494.103 Thread 0x000000001b097000 Exception <a 'sun/nio/fs/WindowsException'> (0x00000000dcbf9758) thrown at [C:\src\AOSP-openjdk-git\hotspot\src\share\vm\prims\jni.cpp, line 710]
Event: 3494.345 Thread 0x000000001b141000 Exception <a 'sun/nio/fs/WindowsException'> (0x00000000dd750000) thrown at [C:\src\AOSP-openjdk-git\hotspot\src\share\vm\prims\jni.cpp, line 710]

Events (10 events):
Event: 3494.354 Executing VM operation: RevokeBias
Event: 3494.354 Executing VM operation: RevokeBias done
Event: 3494.354 Executing VM operation: RevokeBias
Event: 3494.355 Executing VM operation: RevokeBias done
Event: 3494.355 Executing VM operation: RevokeBias
Event: 3494.355 Executing VM operation: RevokeBias done
Event: 3494.355 Thread 0x0000000017322000 flushing nmethod 0x00000000029a7010
Event: 3494.355 Executing VM operation: RevokeBias
Event: 3494.355 Executing VM operation: RevokeBias done
Event: 3494.356 Executing VM operation: RevokeBias


Dynamic libraries:
0x00007ff7f6340000 - 0x00007ff7f6371000 	C:\Program Files\Android\Android Studio\jre\bin\java.exe
0x00007ff919fe0000 - 0x00007ff91a1d0000 	C:\Windows\SYSTEM32\ntdll.dll
0x00007ff919ee0000 - 0x00007ff919f92000 	C:\Windows\System32\KERNEL32.DLL
0x00007ff917540000 - 0x00007ff9177e5000 	C:\Windows\System32\KERNELBASE.dll
0x00007ff9194a0000 - 0x00007ff919543000 	C:\Windows\System32\ADVAPI32.dll
0x00007ff919400000 - 0x00007ff91949e000 	C:\Windows\System32\msvcrt.dll
0x00007ff9192a0000 - 0x00007ff919337000 	C:\Windows\System32\sechost.dll
0x00007ff918090000 - 0x00007ff9181b0000 	C:\Windows\System32\RPCRT4.dll
0x00007ff919550000 - 0x00007ff9196e4000 	C:\Windows\System32\USER32.dll
0x00007ff9177f0000 - 0x00007ff917811000 	C:\Windows\System32\win32u.dll
0x00007ff919d60000 - 0x00007ff919d86000 	C:\Windows\System32\GDI32.dll
0x00007ff917100000 - 0x00007ff917296000 	C:\Windows\System32\gdi32full.dll
0x00007ff917350000 - 0x00007ff9173ee000 	C:\Windows\System32\msvcp_win.dll
0x00007ff917440000 - 0x00007ff91753a000 	C:\Windows\System32\ucrtbase.dll
0x00007ff916310000 - 0x00007ff916594000 	C:\Windows\WinSxS\amd64_microsoft.windows.common-controls_6595b64144ccf1df_6.0.18362.1256_none_9e7e379be45e40e2\COMCTL32.dll
0x00007ff9196f0000 - 0x00007ff919a26000 	C:\Windows\System32\combase.dll
0x00007ff9172c0000 - 0x00007ff917341000 	C:\Windows\System32\bcryptPrimitives.dll
0x00007ff919a30000 - 0x00007ff919a5e000 	C:\Windows\System32\IMM32.DLL
0x0000000072d90000 - 0x0000000072e62000 	C:\Program Files\Android\Android Studio\jre\jre\bin\msvcr100.dll
0x00000000737c0000 - 0x000000007400b000 	C:\Program Files\Android\Android Studio\jre\jre\bin\server\jvm.dll
0x00007ff919a60000 - 0x00007ff919a68000 	C:\Windows\System32\PSAPI.DLL
0x00007ff90d0e0000 - 0x00007ff90d0ea000 	C:\Windows\SYSTEM32\VERSION.dll
0x00007ff914280000 - 0x00007ff9142a4000 	C:\Windows\SYSTEM32\WINMM.dll
0x00007ff915460000 - 0x00007ff915469000 	C:\Windows\SYSTEM32\WSOCK32.dll
0x00007ff918dc0000 - 0x00007ff918e2f000 	C:\Windows\System32\WS2_32.dll
0x00007ff9141c0000 - 0x00007ff9141ed000 	C:\Windows\SYSTEM32\WINMMBASE.dll
0x00007ff9173f0000 - 0x00007ff91743a000 	C:\Windows\System32\cfgmgr32.dll
0x00007ff915450000 - 0x00007ff91545f000 	C:\Program Files\Android\Android Studio\jre\jre\bin\verify.dll
0x00007ff914d60000 - 0x00007ff914d89000 	C:\Program Files\Android\Android Studio\jre\jre\bin\java.dll
0x00007ff9151f0000 - 0x00007ff915206000 	C:\Program Files\Android\Android Studio\jre\jre\bin\zip.dll
0x00007ff9183c0000 - 0x00007ff918aa7000 	C:\Windows\System32\SHELL32.dll
0x00007ff919350000 - 0x00007ff9193f9000 	C:\Windows\System32\shcore.dll
0x00007ff9178d0000 - 0x00007ff918051000 	C:\Windows\System32\windows.storage.dll
0x00007ff916f00000 - 0x00007ff916f23000 	C:\Windows\System32\profapi.dll
0x00007ff916eb0000 - 0x00007ff916efa000 	C:\Windows\System32\powrprof.dll
0x00007ff916e80000 - 0x00007ff916e90000 	C:\Windows\System32\UMPDC.dll
0x00007ff918c60000 - 0x00007ff918cb2000 	C:\Windows\System32\shlwapi.dll
0x00007ff916f30000 - 0x00007ff916f41000 	C:\Windows\System32\kernel.appcore.dll
0x00007ff9172a0000 - 0x00007ff9172b7000 	C:\Windows\System32\cryptsp.dll
0x00007ff913e10000 - 0x00007ff913e2a000 	C:\Program Files\Android\Android Studio\jre\jre\bin\net.dll
0x00007ff916150000 - 0x00007ff9161b7000 	C:\Windows\system32\mswsock.dll
0x00007ff913b80000 - 0x00007ff913b93000 	C:\Program Files\Android\Android Studio\jre\jre\bin\nio.dll
0x00007ff910560000 - 0x00007ff910586000 	C:\Users\Public\.gradle\native\31\windows-amd64\native-platform.dll
0x00007ff915410000 - 0x00007ff91541d000 	C:\Program Files\Android\Android Studio\jre\jre\bin\management.dll
0x00007ff915b60000 - 0x00007ff915b93000 	C:\Windows\system32\rsaenh.dll
0x00007ff918060000 - 0x00007ff918086000 	C:\Windows\System32\bcrypt.dll
0x00007ff916d60000 - 0x00007ff916d85000 	C:\Windows\SYSTEM32\USERENV.dll
0x00007ff916230000 - 0x00007ff91623c000 	C:\Windows\SYSTEM32\CRYPTBASE.dll
0x00007ff915d00000 - 0x00007ff915d3a000 	C:\Windows\SYSTEM32\IPHLPAPI.DLL
0x00007ff918db0000 - 0x00007ff918db8000 	C:\Windows\System32\NSI.dll
0x00007ff90afa0000 - 0x00007ff90afb6000 	C:\Windows\SYSTEM32\dhcpcsvc6.DLL
0x00007ff90d360000 - 0x00007ff90d37c000 	C:\Windows\SYSTEM32\dhcpcsvc.DLL
0x00007ff915d40000 - 0x00007ff915e0b000 	C:\Windows\SYSTEM32\DNSAPI.dll
0x00007ff916bd0000 - 0x00007ff916c01000 	C:\Windows\SYSTEM32\ntmarta.dll

VM Arguments:
jvm_args: -Xmx2048m -Dfile.encoding=windows-1251 -Duser.country=RU -Duser.language=ru -Duser.variant 
java_command: org.gradle.launcher.daemon.bootstrap.GradleDaemon 6.1.1
java_class_path (initial): C:\Users\Public\.gradle\wrapper\dists\gradle-6.1.1-all\cfmwm155h49vnt3hynmlrsdst\gradle-6.1.1\lib\gradle-launcher-6.1.1.jar
Launcher Type: SUN_STANDARD

Environment Variables:
PATH=C:\Windows\system32;C:\Windows;C:\Windows\System32\Wbem;C:\Windows\System32\WindowsPowerShell\v1.0\;C:\Windows\System32\OpenSSH\;C:\Program Files\Git\cmd;C:\Users\Влад\AppData\Local\Microsoft\WindowsApps;
USERNAME=Влад
OS=Windows_NT
PROCESSOR_IDENTIFIER=AMD64 Family 23 Model 24 Stepping 1, AuthenticAMD



---------------  S Y S T E M  ---------------

OS: Windows 10.0 , 64 bit Build 18362 (10.0.18362.1110)

CPU:total 4 (initial active 4) (4 cores per cpu, 1 threads per core) family 23 model 24 stepping 1, cmov, cx8, fxsr, mmx, sse, sse2, sse3, ssse3, sse4.1, sse4.2, popcnt, avx, avx2, aes, clmul, mmxext, 3dnowpref, lzcnt, sse4a, tsc, tscinvbit, tscinv, bmi1

Memory: 4k page, physical 5985536k(557452k free), swap 10179840k(5256k free)

vm_info: OpenJDK 64-Bit Server VM (25.242-b01) for windows-amd64 JRE (1.8.0_242-release-1644-b01), built by "builder" with MS VC++ 10.0 (VS2010)

time: Thu Dec 24 04:23:10 2020
timezone: RTZ 7 (зима)
elapsed time: 3494 seconds (0d 0h 58m 14s)

